<?xml version="1.0" encoding="UTF-8"?>
<testng-results ignored="0" total="1" passed="1" failed="0" skipped="0">
  <reporter-output>
  </reporter-output>
  <suite started-at="2022-03-23T11:26:23 IST" name="Default suite" finished-at="2022-03-23T11:26:23 IST" duration-ms="35">
    <groups>
    </groups>
    <test started-at="2022-03-23T11:26:23 IST" name="Default test" finished-at="2022-03-23T11:26:23 IST" duration-ms="35">
      <class name="com.crm.testcases.ParametersTest">
        <test-method signature="getData()[pri:0, instance:com.crm.testcases.ParametersTest@5fa07e12]" started-at="2022-03-23T11:26:23 IST" name="getData" finished-at="2022-03-23T11:26:23 IST" duration-ms="6" status="PASS">
          <reporter-output>
          </reporter-output>
        </test-method> <!-- getData -->
      </class> <!-- com.crm.testcases.ParametersTest -->
    </test> <!-- Default test -->
  </suite> <!-- Default suite -->
</testng-results>
